Flutter crash report.
Please report a bug at https://github.com/flutter/flutter/issues.

## command

flutter run

## exception

FileSystemException: FileSystemException: Creation of temporary directory failed, path = '/var/folders/gx/v5c0d_j56qx5fwqt6rkn48g40000gn/T/flutter_tools.' (OS Error: No space left on device, errno = 28)

```
#0      _Directory.createTempSync (dart:io/directory_impl.dart:170:7)
#1      ForwardingDirectory.createTempSync (package:file/src/forwarding/forwarding_directory.dart:28:21)
#2      LocalFileSystem.systemTempDirectory (package:flutter_tools/src/base/file_system.dart:228:46)
#3      ForwardingFileSystem.systemTempDirectory (package:file/src/forwarding/forwarding_file_system.dart:33:49)
#4      IOSCoreDeviceControl._listCoreDevices (package:flutter_tools/src/ios/core_devices.dart:65:49)
#5      IOSCoreDeviceControl.getCoreDevices (package:flutter_tools/src/ios/core_devices.dart:114:48)
#6      XCDevice.getAvailableIOSDevices (package:flutter_tools/src/macos/xcdevice.dart:487:72)
<asynchronous suspension>
#7      PollingDeviceDiscovery._populateDevices (package:flutter_tools/src/device.dart:549:36)
<asynchronous suspension>
#8      Future.wait.<anonymous closure> (dart:async/future.dart:518:21)
<asynchronous suspension>
#9      DeviceManager.getAllDevices (package:flutter_tools/src/device.dart:197:40)
<asynchronous suspension>
#10     DeviceBasedDevelopmentArtifacts.requiredArtifacts (package:flutter_tools/src/runner/flutter_command.dart:1915:34)
<asynchronous suspension>
#11     FlutterCommand.verifyThenRunCommand (package:flutter_tools/src/runner/flutter_command.dart:1700:37)
<asynchronous suspension>
#12     FlutterCommand.run.<anonymous closure> (package:flutter_tools/src/runner/flutter_command.dart:1389:27)
<asynchronous suspension>
#13     AppContext.run.<anonymous closure> (package:flutter_tools/src/base/context.dart:153:19)
<asynchronous suspension>
#14     CommandRunner.runCommand (package:args/command_runner.dart:212:13)
<asynchronous suspension>
#15     FlutterCommandRunner.runCommand.<anonymous closure> (package:flutter_tools/src/runner/flutter_command_runner.dart:355:9)
<asynchronous suspension>
#16     AppContext.run.<anonymous closure> (package:flutter_tools/src/base/context.dart:153:19)
<asynchronous suspension>
#17     FlutterCommandRunner.runCommand (package:flutter_tools/src/runner/flutter_command_runner.dart:295:5)
<asynchronous suspension>
#18     run.<anonymous closure>.<anonymous closure> (package:flutter_tools/runner.dart:119:9)
<asynchronous suspension>
#19     AppContext.run.<anonymous closure> (package:flutter_tools/src/base/context.dart:153:19)
<asynchronous suspension>
#20     main (package:flutter_tools/executable.dart:90:3)
<asynchronous suspension>
```

## flutter doctor

```
[32m[✓][39m Flutter (Channel stable, 3.19.0, on macOS 14.0 23A344 darwin-arm64, locale en-US)
    [32m•[39m Flutter version 3.19.0 on channel stable at /Users/jinny/flutter
    [32m•[39m Upstream repository https://github.com/flutter/flutter.git
    [32m•[39m Framework revision bae5e49bc2 (9 days ago), 2024-02-13 17:46:18 -0800
    [32m•[39m Engine revision 04817c99c9
    [32m•[39m Dart version 3.3.0
    [32m•[39m DevTools version 2.31.1

[33m[!][39m Android toolchain - develop for Android devices (Android SDK version 34.0.0)
    [32m•[39m Android SDK at /Users/jinny/Library/Android/sdk
    [31m✗[39m cmdline-tools component is missing
      Run `path/to/sdkmanager --install "cmdline-tools;latest"`
      See https://developer.android.com/studio/command-line for more details.
    [31m✗[39m Android license status unknown.
      Run `flutter doctor --android-licenses` to accept the SDK licenses.
      See https://flutter.dev/docs/get-started/install/macos#android-setup for more details.

[32m[✓][39m Xcode - develop for iOS and macOS (Xcode 15.2)
    [32m•[39m Xcode at /Applications/Xcode.app/Contents/Developer
    [32m•[39m Build 15C500b
    [32m•[39m CocoaPods version 1.15.2

[31m[✗][39m Chrome - develop for the web (Cannot find Chrome executable at /Applications/Google Chrome.app/Contents/MacOS/Google
    Chrome)
    [33m![39m Cannot find Chrome. Try setting CHROME_EXECUTABLE to a Chrome executable.

[33m[!][39m Android Studio (not installed)
    [32m•[39m Android Studio not found; download from https://developer.android.com/studio/index.html
      (or visit https://flutter.dev/docs/get-started/install/macos#android-setup for detailed instructions).

[32m[✓][39m VS Code (version 1.86.2)
    [32m•[39m VS Code at /Applications/Visual Studio Code.app/Contents
    [32m•[39m Flutter extension version 3.82.0

[32m[✓][39m Connected device (1 available)
    [32m•[39m macOS (desktop) • macos • darwin-arm64 • macOS 14.0 23A344 darwin-arm64
    [33m![39m Error: Browsing on the local area network for iPhone (126). Ensure the device is unlocked and attached with a cable
      or associated with the same local area network as this Mac.
      The device must be opted into Developer Mode to connect wirelessly. (code -27)

[32m[✓][39m Network resources
    [32m•[39m All expected network resources are available.

[33m![39m Doctor found issues in 3 categories.
```
